<?xml version="1.0" encoding="UTF-8"?>
<!-- Generated by org.testng.reporters.JUnitXMLReporter -->
<testsuite ignored="0" hostname="BAKI" failures="1" tests="2" name="Test" time="5.759" errors="0" timestamp="05 Oct 2024 18:27:15 GMT">
  <testcase classname="org.alltestng.AllTestNG" name="tc1" time="5.338">
    <failure type="java.lang.AssertionError" message="expected [true] but found [false]">
      <![CDATA[java.lang.AssertionError: expected [true] but found [false]
at org.alltestng.AllTestNG.tc1(AllTestNG.java:20)
... Removed 29 stack frames]]>
    </failure>
  </testcase> <!-- tc1 -->
  <testcase classname="org.alltestng.AllTestNG" name="tc2" time="0.182"/>
</testsuite> <!-- Test -->
